Crashlog created at 2019-08-30 19:08:19 -0300

===== MESSAGE:

SyntaxError: item /posts/2019-08-21-creating-more.md (rep default):20: syntax error, unexpected tIDENTIFIER, expecting ')'
...about Pokemon', caption: 'We're soooo cooler than this in 20...
...                             ^~
item /posts/2019-08-21-creating-more.md (rep default):20: syntax error, unexpected in, expecting ')'
...We're soooo cooler than this in 2019.') ).to_s); _erbout.<< ...
...                             ^~
item /posts/2019-08-21-creating-more.md (rep default):20: syntax error, unexpected tIDENTIFIER, expecting ')'
...o_s); _erbout.<< "\n\n\nI won't pretend these ideas are new....
...                              ^
item /posts/2019-08-21-creating-more.md (rep default):20: syntax error, unexpected tIDENTIFIER, expecting ')'
...ew. They aren't! I feel there's been an increasing amount of...
...                              ^
item /posts/2019-08-21-creating-more.md (rep default):20: syntax error, unexpected tIDENTIFIER, expecting ']'
...ng amount of [Web 1.0 nostalgia](https://code.divshot.com/ge...
...                      ^~~~~~~~~
item /posts/2019-08-21-creating-more.md (rep default):20: unknown regexp options - cd
item /posts/2019-08-21-creating-more.md (rep default):20: syntax error, unexpected ')'
...ode.divshot.com/geo-bootstrap/) going on, and a big part of ...
...                              ^
item /posts/2019-08-21-creating-more.md (rep default):20: syntax error, unexpected and
...m/geo-bootstrap/) going on, and a big part of that is probab...
...                            ^~~
item /posts/2019-08-21-creating-more.md (rep default):20: syntax error, unexpected tIDENTIFIER, expecting do or '{' or '('
...y fueled by [similar sentiments](https://tjcx.me/posts/consu...
...                     ^~~~~~~~~~
item /posts/2019-08-21-creating-more.md (rep default):20: unknown regexp options - tjc
item /posts/2019-08-21-creating-more.md (rep default):20: syntax error, unexpected ')'
...posts/consumption-distraction/) as those I described. The [l...
...                              ^
item /posts/2019-08-21-creating-more.md (rep default):20: syntax error, unexpected for, expecting do or '{' or '('
...e I described. The [longing for simplicity](https://thebestm...
...                            ^~~
item /posts/2019-08-21-creating-more.md (rep default):20: unknown regexp options - thbtthrfckg
item /posts/2019-08-21-creating-more.md (rep default):20: syntax error, unexpected ')'
.../thebestmotherfucking.website/) in a world of trillions of n...
...                              ^
item /posts/2019-08-21-creating-more.md (rep default):20: syntax error, unexpected backslash
...o quite widespread these days.\n\n### So I built this\n\nI t...
...                              ^
item /posts/2019-08-21-creating-more.md (rep default):31: syntax error, unexpected end-of-input, expecting ')'

===== ITEM BEING COMPILED:

Current item: /posts/2019-08-21-creating-more.md (:default representation)

===== STACK TRACE:

  0. /home/leo/.rvm/rubies/ruby-2.6.3/lib/ruby/2.6.0/erb.rb:901:in `eval'
  1. /home/leo/.rvm/rubies/ruby-2.6.3/lib/ruby/2.6.0/erb.rb:901:in `result'
  2. /home/leo/.rvm/gems/ruby-2.6.3/gems/nanoc-4.11.9/lib/nanoc/filters/erb.rb:36:in `run'
  3. /home/leo/.rvm/gems/ruby-2.6.3/gems/nanoc-4.11.9/lib/nanoc/base/services/filter.rb:187:in `setup_and_run'
  4. /home/leo/.rvm/gems/ruby-2.6.3/gems/nanoc-4.11.9/lib/nanoc/base/services/executor.rb:22:in `filter'
  5. /home/leo/.rvm/gems/ruby-2.6.3/gems/nanoc-4.11.9/lib/nanoc/base/services/compiler/phases/recalculate.rb:33:in `block in run'
  6. /home/leo/.rvm/gems/ruby-2.6.3/gems/nanoc-core-4.11.9/lib/nanoc/core/action_sequence.rb:49:in `block in each'
  7. /home/leo/.rvm/gems/ruby-2.6.3/gems/nanoc-core-4.11.9/lib/nanoc/core/action_sequence.rb:49:in `each'
  8. /home/leo/.rvm/gems/ruby-2.6.3/gems/nanoc-core-4.11.9/lib/nanoc/core/action_sequence.rb:49:in `each'
  9. /home/leo/.rvm/gems/ruby-2.6.3/gems/nanoc-4.11.9/lib/nanoc/base/services/compiler/phases/recalculate.rb:30:in `run'
  10. /home/leo/.rvm/gems/ruby-2.6.3/gems/nanoc-4.11.9/lib/nanoc/base/services/compiler/phases/abstract.rb:24:in `call'
  11. /home/leo/.rvm/gems/ruby-2.6.3/gems/nanoc-4.11.9/lib/nanoc/base/services/compiler/phases/abstract.rb:26:in `block in call'
  12. /home/leo/.rvm/gems/ruby-2.6.3/gems/nanoc-4.11.9/lib/nanoc/base/services/compiler/phases/cache.rb:26:in `run'
  13. /home/leo/.rvm/gems/ruby-2.6.3/gems/nanoc-4.11.9/lib/nanoc/base/services/compiler/phases/abstract.rb:24:in `call'
  14. /home/leo/.rvm/gems/ruby-2.6.3/gems/nanoc-4.11.9/lib/nanoc/base/services/compiler/phases/abstract.rb:26:in `block in call'
  15. /home/leo/.rvm/gems/ruby-2.6.3/gems/nanoc-4.11.9/lib/nanoc/base/services/compiler/phases/resume.rb:15:in `block in run'

===== VERSION INFORMATION:

Nanoc 4.11.9 © 2007–2019 Denis Defreyne.
Running ruby 2.6.3 (2019-04-16) on x86_64-linux with RubyGems 3.0.3.

===== SYSTEM INFORMATION:

Linux leo-msi 5.0.0-25-generic #26~18.04.1-Ubuntu SMP Thu Aug 1 13:51:02 UTC 2019 x86_64 x86_64 x86_64 GNU/Linux

===== INSTALLED GEMS:

  addressable 2.6.0
  adsf 1.4.2
  awesome_print 1.8.0
  bundler 1.17.2
  byebug 11.0.1
  coderay 1.1.2
  colored 1.2
  concurrent-ruby 1.1.5
  cri 2.15.9
  ddmemoize 1.0.0
  ddmetrics 1.0.1
  ddplugin 1.0.2
  diff-lcs 1.3
  equatable 0.6.1
  ffi 1.11.1
  formatador 0.2.5
  guard 2.15.0
  guard-compat 1.2.1
  guard-nanoc 2.1.6
  hamster 3.0.0
  json_schema 0.20.7
  kramdown 2.1.0
  listen 3.1.5
  lumberjack 1.0.13
  method_source 0.9.2
  mini_portile2 2.4.0
  nanoc 4.11.9
  nanoc-core 4.11.9
  necromancer 0.5.0
  nenv 0.3.0
  nokogiri 1.10.4
  nokogumbo 2.0.1
  notiffany 0.1.3
  parallel 1.17.0
  pastel 0.7.3
  pry 0.12.2
  public_suffix 3.1.1
  rack 2.0.7
  rb-fsevent 0.10.3
  rb-inotify 0.10.0
  ref 2.0.0
  rouge 3.9.0
  ruby_dep 1.5.0
  sass 3.7.4
  sass-listen 4.0.0
  shellany 0.0.1
  slow_enumerator_tools 1.1.0
  thor 0.20.3
  tomlrb 1.2.8
  tty-color 0.5.0
  tty-command 0.8.2
  tty-cursor 0.7.0
  tty-file 0.8.0
  tty-platform 0.2.1
  tty-prompt 0.19.0
  tty-reader 0.6.0
  tty-screen 0.7.0
  tty-which 0.4.1
  wisper 2.0.0
  zeitwerk 2.1.9

===== GEMFILE.LOCK:

GEM
  remote: https://rubygems.org/
  specs:
    addressable (2.6.0)
      public_suffix (>= 2.0.2, < 4.0)
    adsf (1.4.2)
      rack (>= 1.0.0, < 3.0.0)
    awesome_print (1.8.0)
    byebug (11.0.1)
    coderay (1.1.2)
    colored (1.2)
    concurrent-ruby (1.1.5)
    cri (2.15.9)
    ddmemoize (1.0.0)
      ddmetrics (~> 1.0)
      ref (~> 2.0)
    ddmetrics (1.0.1)
    ddplugin (1.0.2)
    diff-lcs (1.3)
    equatable (0.6.1)
    ffi (1.11.1)
    formatador (0.2.5)
    guard (2.15.0)
      formatador (>= 0.2.4)
      listen (>= 2.7, < 4.0)
      lumberjack (>= 1.0.12, < 2.0)
      nenv (~> 0.1)
      notiffany (~> 0.0)
      pry (>= 0.9.12)
      shellany (~> 0.0)
      thor (>= 0.18.1)
    guard-compat (1.2.1)
    guard-nanoc (2.1.6)
      guard (~> 2.8)
      guard-compat (~> 1.0)
      nanoc (>= 4.3.8, < 5.0)
    hamster (3.0.0)
      concurrent-ruby (~> 1.0)
    json_schema (0.20.7)
    kramdown (2.1.0)
    listen (3.1.5)
      rb-fsevent (~> 0.9, >= 0.9.4)
      rb-inotify (~> 0.9, >= 0.9.7)
      ruby_dep (~> 1.2)
    lumberjack (1.0.13)
    method_source (0.9.2)
    mini_portile2 (2.4.0)
    nanoc (4.11.9)
      addressable (~> 2.5)
      colored (~> 1.2)
      cri (~> 2.15)
      nanoc-core (= 4.11.9)
      parallel (~> 1.12)
      tomlrb (~> 1.2)
      tty-command (~> 0.8)
      tty-file (~> 0.7)
      tty-platform (~> 0.2)
      tty-which (~> 0.4)
    nanoc-core (4.11.9)
      ddmemoize (~> 1.0)
      ddmetrics (~> 1.0)
      ddplugin (~> 1.0)
      hamster (~> 3.0)
      json_schema (~> 0.19)
      slow_enumerator_tools (~> 1.0)
      zeitwerk (~> 2.1)
    necromancer (0.5.0)
    nenv (0.3.0)
    nokogiri (1.10.4)
      mini_portile2 (~> 2.4.0)
    nokogumbo (2.0.1)
      nokogiri (~> 1.8, >= 1.8.4)
    notiffany (0.1.3)
      nenv (~> 0.1)
      shellany (~> 0.0)
    parallel (1.17.0)
    pastel (0.7.3)
      equatable (~> 0.6)
      tty-color (~> 0.5)
    pry (0.12.2)
      coderay (~> 1.1.0)
      method_source (~> 0.9.0)
    public_suffix (3.1.1)
    rack (2.0.7)
    rb-fsevent (0.10.3)
    rb-inotify (0.10.0)
      ffi (~> 1.0)
    ref (2.0.0)
    rouge (3.9.0)
    ruby_dep (1.5.0)
    sass (3.7.4)
      sass-listen (~> 4.0.0)
    sass-listen (4.0.0)
      rb-fsevent (~> 0.9, >= 0.9.4)
      rb-inotify (~> 0.9, >= 0.9.7)
    shellany (0.0.1)
    slow_enumerator_tools (1.1.0)
    thor (0.20.3)
    tomlrb (1.2.8)
    tty-color (0.5.0)
    tty-command (0.8.2)
      pastel (~> 0.7.0)
    tty-cursor (0.7.0)
    tty-file (0.8.0)
      diff-lcs (~> 1.3)
      pastel (~> 0.7.2)
      tty-prompt (~> 0.18)
    tty-platform (0.2.1)
    tty-prompt (0.19.0)
      necromancer (~> 0.5.0)
      pastel (~> 0.7.0)
      tty-reader (~> 0.6.0)
    tty-reader (0.6.0)
      tty-cursor (~> 0.7)
      tty-screen (~> 0.7)
      wisper (~> 2.0.0)
    tty-screen (0.7.0)
    tty-which (0.4.1)
    wisper (2.0.0)
    zeitwerk (2.1.9)

PLATFORMS
  ruby

DEPENDENCIES
  adsf
  awesome_print
  byebug
  guard
  guard-nanoc
  kramdown
  nanoc
  nokogiri
  nokogumbo
  rouge
  sass

BUNDLED WITH
   1.17.2

===== LOAD PATHS:

  0. /home/leo/.rvm/gems/ruby-2.6.3/gems/ref-2.0.0/lib
  1. /home/leo/.rvm/gems/ruby-2.6.3/gems/sass-3.7.4/lib
  2. /home/leo/.rvm/gems/ruby-2.6.3/gems/sass-listen-4.0.0/lib
  3. /home/leo/.rvm/gems/ruby-2.6.3/gems/rouge-3.9.0/lib
  4. /home/leo/.rvm/gems/ruby-2.6.3/gems/nokogumbo-2.0.1/lib
  5. /home/leo/.rvm/gems/ruby-2.6.3/extensions/x86_64-linux/2.6.0/nokogumbo-2.0.1
  6. /home/leo/.rvm/gems/ruby-2.6.3/gems/nokogiri-1.10.4/lib
  7. /home/leo/.rvm/gems/ruby-2.6.3/extensions/x86_64-linux/2.6.0/nokogiri-1.10.4
  8. /home/leo/.rvm/gems/ruby-2.6.3/gems/mini_portile2-2.4.0/lib
  9. /home/leo/.rvm/gems/ruby-2.6.3/gems/kramdown-2.1.0/lib
  10. /home/leo/.rvm/gems/ruby-2.6.3/gems/guard-nanoc-2.1.6/lib
  11. /home/leo/.rvm/gems/ruby-2.6.3/gems/nanoc-4.11.9/lib
  12. /home/leo/.rvm/gems/ruby-2.6.3/gems/tty-which-0.4.1/lib
  13. /home/leo/.rvm/gems/ruby-2.6.3/gems/tty-platform-0.2.1/lib
  14. /home/leo/.rvm/gems/ruby-2.6.3/gems/tty-file-0.8.0/lib
  15. /home/leo/.rvm/gems/ruby-2.6.3/gems/tty-prompt-0.19.0/lib
  16. /home/leo/.rvm/gems/ruby-2.6.3/gems/tty-reader-0.6.0/lib
  17. /home/leo/.rvm/gems/ruby-2.6.3/gems/wisper-2.0.0/lib
  18. /home/leo/.rvm/gems/ruby-2.6.3/gems/tty-screen-0.7.0/lib
  19. /home/leo/.rvm/gems/ruby-2.6.3/gems/tty-cursor-0.7.0/lib
  20. /home/leo/.rvm/gems/ruby-2.6.3/gems/necromancer-0.5.0/lib
  21. /home/leo/.rvm/gems/ruby-2.6.3/gems/tty-command-0.8.2/lib
  22. /home/leo/.rvm/gems/ruby-2.6.3/gems/pastel-0.7.3/lib
  23. /home/leo/.rvm/gems/ruby-2.6.3/gems/tty-color-0.5.0/lib
  24. /home/leo/.rvm/gems/ruby-2.6.3/gems/tomlrb-1.2.8/lib
  25. /home/leo/.rvm/gems/ruby-2.6.3/gems/parallel-1.17.0/lib
  26. /home/leo/.rvm/gems/ruby-2.6.3/gems/nanoc-core-4.11.9/lib
  27. /home/leo/.rvm/gems/ruby-2.6.3/gems/zeitwerk-2.1.9/lib
  28. /home/leo/.rvm/gems/ruby-2.6.3/gems/slow_enumerator_tools-1.1.0/lib
  29. /home/leo/.rvm/gems/ruby-2.6.3/gems/json_schema-0.20.7/lib
  30. /home/leo/.rvm/gems/ruby-2.6.3/gems/hamster-3.0.0/lib
  31. /home/leo/.rvm/gems/ruby-2.6.3/gems/guard-compat-1.2.1/lib
  32. /home/leo/.rvm/gems/ruby-2.6.3/gems/guard-2.15.0/lib
  33. /home/leo/.rvm/gems/ruby-2.6.3/gems/thor-0.20.3/lib
  34. /home/leo/.rvm/gems/ruby-2.6.3/gems/pry-0.12.2/lib
  35. /home/leo/.rvm/gems/ruby-2.6.3/gems/method_source-0.9.2/lib
  36. /home/leo/.rvm/gems/ruby-2.6.3/gems/notiffany-0.1.3/lib
  37. /home/leo/.rvm/gems/ruby-2.6.3/gems/shellany-0.0.1/lib
  38. /home/leo/.rvm/gems/ruby-2.6.3/gems/nenv-0.3.0/lib
  39. /home/leo/.rvm/gems/ruby-2.6.3/gems/lumberjack-1.0.13/lib
  40. /home/leo/.rvm/gems/ruby-2.6.3/gems/listen-3.1.5/lib
  41. /home/leo/.rvm/gems/ruby-2.6.3/gems/ruby_dep-1.5.0/lib
  42. /home/leo/.rvm/gems/ruby-2.6.3/gems/rb-inotify-0.10.0/lib
  43. /home/leo/.rvm/gems/ruby-2.6.3/gems/rb-fsevent-0.10.3/lib
  44. /home/leo/.rvm/gems/ruby-2.6.3/gems/formatador-0.2.5/lib
  45. /home/leo/.rvm/gems/ruby-2.6.3/gems/ffi-1.11.1/lib
  46. /home/leo/.rvm/gems/ruby-2.6.3/extensions/x86_64-linux/2.6.0/ffi-1.11.1
  47. /home/leo/.rvm/gems/ruby-2.6.3/gems/equatable-0.6.1/lib
  48. /home/leo/.rvm/gems/ruby-2.6.3/gems/diff-lcs-1.3/lib
  49. /home/leo/.rvm/gems/ruby-2.6.3/gems/ddplugin-1.0.2/lib
  50. /home/leo/.rvm/gems/ruby-2.6.3/gems/ddmemoize-1.0.0/lib
  51. /home/leo/.rvm/gems/ruby-2.6.3/gems/ref-2.0.0/lib
  52. /home/leo/.rvm/gems/ruby-2.6.3/gems/ddmetrics-1.0.1/lib
  53. /home/leo/.rvm/gems/ruby-2.6.3/gems/cri-2.15.9/lib
  54. /home/leo/.rvm/gems/ruby-2.6.3/gems/concurrent-ruby-1.1.5/lib
  55. /home/leo/.rvm/gems/ruby-2.6.3/gems/colored-1.2/lib
  56. /home/leo/.rvm/gems/ruby-2.6.3/gems/coderay-1.1.2/lib
  57. /home/leo/.rvm/gems/ruby-2.6.3/gems/byebug-11.0.1/lib
  58. /home/leo/.rvm/gems/ruby-2.6.3/extensions/x86_64-linux/2.6.0/byebug-11.0.1
  59. /home/leo/.rvm/rubies/ruby-2.6.3/lib/ruby/gems/2.6.0/gems/bundler-1.17.2/lib
  60. /home/leo/.rvm/gems/ruby-2.6.3/gems/awesome_print-1.8.0/lib
  61. /home/leo/.rvm/gems/ruby-2.6.3/gems/adsf-1.4.2/lib
  62. /home/leo/.rvm/gems/ruby-2.6.3/gems/rack-2.0.7/lib
  63. /home/leo/.rvm/gems/ruby-2.6.3/gems/addressable-2.6.0/lib
  64. /home/leo/.rvm/gems/ruby-2.6.3/gems/public_suffix-3.1.1/lib
  65. /home/leo/.rvm/rubies/ruby-2.6.3/lib/ruby/site_ruby/2.6.0
  66. /home/leo/.rvm/rubies/ruby-2.6.3/lib/ruby/site_ruby/2.6.0/x86_64-linux
  67. /home/leo/.rvm/rubies/ruby-2.6.3/lib/ruby/site_ruby
  68. /home/leo/.rvm/rubies/ruby-2.6.3/lib/ruby/vendor_ruby/2.6.0
  69. /home/leo/.rvm/rubies/ruby-2.6.3/lib/ruby/vendor_ruby/2.6.0/x86_64-linux
  70. /home/leo/.rvm/rubies/ruby-2.6.3/lib/ruby/vendor_ruby
  71. /home/leo/.rvm/rubies/ruby-2.6.3/lib/ruby/2.6.0
  72. /home/leo/.rvm/rubies/ruby-2.6.3/lib/ruby/2.6.0/x86_64-linux
